<?xml version="1.0" encoding="UTF-8"?>
<!-- Generated by org.testng.reporters.JUnitReportReporter -->
<testsuite hostname="Harjeets-MacBook-Air.local" failures="0" tests="2" name="com.qTestHSC.gateway.APIExceutor" time="87.188" errors="0" timestamp="12 May 2020 06:52:44 GMT" skipped="0">
  <testcase classname="com.qTestHSC.gateway.APIExceutor" name="testCaseStatusChangeWithAPI" time="53.826"/>
  <testcase classname="com.qTestHSC.gateway.APIExceutor" name="inputPropChange" time="33.362"/>
</testsuite> <!-- com.qTestHSC.gateway.APIExceutor -->
