<?xml version="1.0" encoding="UTF-8"?>
<!-- Generated by org.testng.reporters.JUnitReportReporter -->
<testsuite hostname="Harjeets-MacBook-Air.local" failures="0" tests="1" name="com.qTestApi.test.ApiCallTest" time="71.055" errors="0" timestamp="06 May 2020 16:50:23 GMT" skipped="0">
  <testcase classname="com.qTestApi.test.ApiCallTest" name="testCaseStatusChangeWithAPI" time="71.055"/>
</testsuite> <!-- com.qTestApi.test.ApiCallTest -->
